INFINITEZIMAL =    4.0000e-14
PLOT_DIR = data/
Preparing Inter-arrival values...ans =

   0.00000
   0.01151
   0.13289
   0.02385
   0.69422
   0.74965
   0.74972
   0.85590
   0.22002
   0.27196
   0.41104
   0.30845
   0.18872
   0.10053
   0.64311
   0.35255
   2.21230
   1.20900
   3.63274
   0.04778
   0.07383
   0.39433
   0.00049
   0.32593
   0.19839
   0.37365
   0.49252
   0.05936
   0.41301
   0.16815

ans =

   5.0000e-08
   2.7300e-04
   2.8100e-04
   2.8300e-04
   3.7900e-04
   4.4100e-04
   4.4800e-04
   4.5700e-04
   4.6500e-04
   4.6700e-04
   4.7600e-04
   4.9000e-04
   5.6400e-04
   5.6900e-04
   5.8500e-04
   5.9100e-04
   6.0500e-04
   6.2500e-04
   6.7800e-04
   6.8700e-04
   9.6100e-04
   9.6100e-04
   1.0780e-03
   1.0840e-03
   1.0870e-03
   1.1490e-03
   1.1660e-03
   1.1750e-03
   1.2190e-03
   1.5780e-03

ans =

   0.0115090
   0.0238530
   0.7496540
   0.8559010
   0.2719600
   0.3084510
   0.1005280
   0.3525460
   1.2089950
   0.0477770
   0.3943280
   0.3259350
   0.3736490
   0.0593610
   0.1681490
   0.1697850
   0.0387070
   0.0024120
   0.4989600
   0.2648070
   0.9991000
   0.1818880
   0.0777420
   0.4795270
   0.0258500
   1.2205960
   1.4610500
   0.6668620
   0.0487330
   0.0329420

ans =

   4.2000e-05
   7.8000e-05
   7.9000e-05
   2.7800e-04
   2.8200e-04
   2.8500e-04
   2.8900e-04
   3.2900e-04
   4.5800e-04
   4.6900e-04
   4.7400e-04
   4.8600e-04
   4.9800e-04
   5.1400e-04
   5.1400e-04
   5.1500e-04
   5.2800e-04
   5.3800e-04
   5.4900e-04
   5.9100e-04
   6.2700e-04
   6.3500e-04
   6.6100e-04
   6.6900e-04
   6.7700e-04
   9.8000e-04
   1.1040e-03
   1.4310e-03
   1.4910e-03
   1.7140e-03

MAX_INTER_ARRIVAL =  7.1402
MAX_TIME =  5.0316
m =  535
ans =  1071
ans =  535
ans =  535
ans =  535
Ploting INTER_ARRIVAL_DATASET cumulative distribution
data/Empirical CDF function.dat
*********************
Weibull data fitting
*********************
Data linearization plot
Running Gradient Descent ...
............................................................................................................................................................................................................................................................................................................................................................................................................................................................................................................................................................................................................................................................................................................................................................................................................................................................................................................................................................................................................................................................................................................................................................................................................................................................................................................................................................................................................................................................................................................................................................
Theta found by gradient descent: 1.200853 0.514254 
Initial coast J(1) = 0.761708; Final coast J(end) = 0.091949 
weibull_alpha = 0.514254 
weibull_betha = 0.096797 
data/Weibull - Linearized data and linear fitting.datdata/Weibull - Cost J(iterations) convergence.datdata/Weibull aproximation vs Original set.dat
*********************
Normal data fitting
*********************
normal_mean = 0.289942 
normal_std = 0.694715 
data/Normal aproximation vs Original set.dat
*********************
Exponential data fitting 1: Linear Regression
*********************
Data linearization plot
Running Gradient Descent ...
............................................................................................................................................................................................................................................................................................................................................................................................................................................................................................................................................................................................................................................................................................................................................................................................................................................................................................................................................................................................................................................................................................................................................................................................................................................................................................................................................................................................................................................................................................................................................................
Theta found by gradient descent: -0.534141 -1.791148 
Initial coast J(1) = 1.916507; Final coast J(end) = 0.612903 
exp_lambda = 1.791148 
exp_mean = 0.289942 (for comparison)
data/Exponential - Linearized data and linear fitting.datdata/Exponential - Cost J(iterations) convergence.datdata/Exponential aproximation (linear regression) vs Original set.dat
*********************
Exponential data fitting 2: Mean evaluation
*********************
exp_lambdaMean = 3.448960 
data/Exponential aproximation (mean) vs Original set.dat
*********************
Pareto data fitting 1: Linear regression LR
*********************
Data linearization plot
Running Gradient Descent ...
............................................................................................................................................................................................................................................................................................................................................................................................................................................................................................................................................................................................................................................................................................................................................................................................................................................................................................................................................................................................................................................................................................................................................................................................................................................................................................................................................................................................................................................................................................................................................................
Theta found by gradient descent: -2.516421 -0.427644 
Initial coast J(1) = 1.914983; Final coast J(end) = 0.884489 
pareto_xmf =  359.38
pareto_xm (formula) = 359.379323 
pareto_alpha = 0.427644 
pareto_xm (estimation) = 0.000000 
data/Pareto - Linearized data and linear fitting.datdata/Pareto - Cost J(iterations) convergence.datdata/Pareto aproximation (linear regression) vs Original set.dat
*********************
Pareto data fitting 2: Maximum Likehood MLH
*********************
pareto_mlh_xm = 0.000000 
pareto_mlh_alpha = 0.074798 
data/Pareto aproximation (maximum likehood) vs Original set.dat
*********************
Cauchy data fitting
*********************
Data linearization plot
Running Gradient Descent ...
............................................................................................................................................................................................................................................................................................................................................................................................................................................................................................................................................................................................................................................................................................................................................................................................................................................................................................................................................................................................................................................................................................................................................................................................................................................................................................................................................................................................................................................................................................................................................................
Theta found by gradient descent: -1101.425974 5857.498573 
Initial coast J(1) = 94599647.840869; Final coast J(end) = 86225702.126578 
cauchy_gamma = 0.000171 
cauchy_x0 = 0.188037 
data/Cauchy - Linearized data and linear fitting.datdata/Cauchy - Cost J(iterations) convergence.datdata/Cauchy aproximation vs Original set.datCalculating AIC and BIC for...
	 - Weibull
	 - Normal
	 - Exponential(LR)
	 - Exponential(Me)
	 - Pareto(LR)
	 - Pareto(MLH)
	 - Cauchy
-------------------------------------------------------------------------------------
Weibull         : weibull_alpha=0.514254, weibull_betha=0.096797
Normal          : normal_mean=0.289942, normal_std=0.694715
Exponential(LR) : exp_lambda=1.791148
Exponential(Me) : exp_lambdaMean=3.448960
Pareto(LR)      : pareto_alpha=0.427644, pareto_xm=0.000000
Pareto(MLH)     : pareto_mlh_alpha=0.074798, pareto_mlh_xm=0.000000
Cauchy          : cauchy_gamma=0.000171, cauchy_x0=0.188037
-------------------------------------------------------------------------------------


+----------------+--------------+---------------+
|Function        |AIC           |BIC            |
+----------------+--------------+---------------+
|Weibull         |-1151.246942	|-1142.682408	|
|Normal          |1212.055243	|1220.619776	|
|Exponential(LR) |-47.047712	|-42.765445	|
|Exponential(Me) |-216.294631	|-212.012365	|
|Pareto(LR)      |3377.719429	|3386.283962	|
|Pareto(MLH)     |188.292786	|196.857320	|
|Cauchy          |6941.725234	|6950.289768	|
+----------------+--------------+---------------+
Evaluation of the models...
Normalize data - the data must be plausible

data/QQplot - Weibull.datdata/QQplot - Normal.datdata/QQplot - Exponential(LR).datdata/QQplot - Exponential(Me).datdata/QQplot - Pareto(LR).datdata/QQplot - Pareto(MLH).datdata/QQplot - Cauchy.dat
Mean and std.dev
+-------------------------+--------------+---------------+
|Distribution             |mean          |std.dev        |
+-------------------------+--------------+---------------+
|Cross-validation Dataset |0.299818	|0.745202	|
|Weibull                  |0.192550	|0.356061	|
|Normal                   |0.470571	|0.538590	|
|Exponential(LR)          |1.622851	|1.442049	|
|Exponential(Me)          |2.735592	|1.744209	|
|Pareto(LR)               |0.018893	|0.307350	|
|Pareto(MLH)              |1.365670	|2.179027	|
|Cauchy                   |0.188203	|0.002352	|
+----------------+--------------+---------------+

Hust Exponent
+----------------+--------------+---------------+
|Distribution    |hust          |diff           |
+----------------+--------------+---------------+
|Original        |0.555541	|0.000000	|
|Weibull         |0.511617	|0.043924	|
|Normal          |0.458948	|0.096593	|
|Exponential(LR) |0.522455	|0.033086	|
|Exponential(Me) |0.519932	|0.035609	|
|Pareto(LR)      |0.510464	|0.045077	|
|Pareto(MLH)     |0.455264	|0.100277	|
|Cauchy          |0.516571	|0.038970	|
+----------------+--------------+---------------+


Correlation [repetitions: 30]

+----------------+--------------+---------------+
|Distribution    |correlation   | corr std.dev  |
+----------------+--------------+---------------+
|Original        |0.000000	|0.000000	|
|Weibull         |0.977151	|0.010981	|
|Normal          |0.796821	|0.024441	|
|Exponential(LR) |0.898811	|0.018917	|
|Exponential(Me) |0.895889	|0.018453	|
|Pareto(LR)      |0.500077	|0.070566	|
|Pareto(MLH)     |0.618635	|0.022091	|
|Cauchy          |0.429852	|0.167433	|
+----------------+--------------+---------------+


Mean [repetitions: 30]

+----------------+--------------+---------------+
|Distribution    |mean          | mean std.dev |
+----------------+--------------+---------------+
|Original        |0.299818	|0.000000	|
|Weibull         |0.180673	|0.014615	|
|Normal          |0.444835	|0.023112	|
|Exponential(LR) |0.551090	|0.029706	|
|Exponential(Me) |0.290650	|0.011968	|
|Pareto(LR)      |0.003367	|0.004888	|
|Pareto(MLH)     |1.376430	|0.088910	|
|Cauchy          |0.188100	|0.000399	|
+----------------+--------------+---------------+


Std.dev [repetitions: 30]

+----------------+--------------+---------------+
|Distribution    |std.dev       |std.dev std.dev|
+----------------+--------------+---------------+
|Original        |0.745202	|0.000000	|
|Weibull         |0.375924	|0.044556	|
|Normal          |0.492773	|0.018723	|
|Exponential(LR) |0.551090	|0.035815	|
|Exponential(Me) |0.291901	|0.018517	|
|Pareto(LR)      |0.062991	|0.089229	|
|Pareto(MLH)     |2.177922	|0.046735	|
|Cauchy          |0.008161	|0.005605	|
+----------------+--------------+---------------+


Hurst Exponent [repetitions: 30]

+----------------+--------------+---------------+
|Distribution    |hust          | hurst std.dev |
+----------------+--------------+---------------+
|Original        |0.555541	|0.000000	|
|Weibull         |0.521181	|0.041366	|
|Normal          |0.528074	|0.034725	|
|Exponential(LR) |0.530822	|0.033693	|
|Exponential(Me) |0.530822	|0.033693	|
|Pareto(LR)      |0.504504	|0.017424	|
|Pareto(MLH)     |0.518825	|0.036289	|
|Cauchy          |0.503510	|0.027791	|
+----------------+--------------+---------------+

