INFINITEZIMAL =    4.0000e-14
PLOT_DIR = data/
Preparing Inter-arrival values...ans =

   0.0000e+00
   1.0000e-06
   1.0000e-06
   1.0000e-06
   1.0000e-06
   1.0000e-06
   2.0000e-06
   0.0000e+00
   1.0000e-06
   1.0000e-06
   1.0000e-06
   0.0000e+00
   2.0000e-06
   1.0000e-06
   1.0000e-06
   1.0000e-06
   1.0000e-06
   2.0000e-06
   0.0000e+00
   1.0000e-06
   0.0000e+00
   2.0000e-06
   1.0000e-06
   4.0000e-06
   1.0000e-06
   1.0000e-06
   1.0000e-06
   1.0000e-06
   2.0000e-06
   2.0000e-06

ans =

   5.0000e-08
   5.0000e-08
   5.0000e-08
   5.0000e-08
   5.0000e-08
   5.0000e-08
   5.0000e-08
   5.0000e-08
   5.0000e-08
   5.0000e-08
   5.0000e-08
   5.0000e-08
   5.0000e-08
   5.0000e-08
   5.0000e-08
   5.0000e-08
   5.0000e-08
   5.0000e-08
   5.0000e-08
   5.0000e-08
   5.0000e-08
   5.0000e-08
   5.0000e-08
   5.0000e-08
   5.0000e-08
   5.0000e-08
   5.0000e-08
   5.0000e-08
   5.0000e-08
   5.0000e-08

ans =

   1.0000e-06
   1.0000e-06
   1.0000e-06
   5.0000e-08
   1.0000e-06
   5.0000e-08
   1.0000e-06
   1.0000e-06
   2.0000e-06
   1.0000e-06
   2.0000e-06
   4.0000e-06
   1.0000e-06
   1.0000e-06
   2.0000e-06
   5.0000e-08
   1.0000e-06
   1.0000e-06
   2.0000e-06
   1.0000e-06
   2.0000e-06
   3.0000e-06
   1.0000e-06
   2.0000e-06
   1.0000e-06
   2.0000e-06
   4.0000e-06
   5.0000e-08
   1.0000e-06
   2.0000e-06

ans =

   5.0000e-08
   5.0000e-08
   5.0000e-08
   5.0000e-08
   5.0000e-08
   5.0000e-08
   5.0000e-08
   5.0000e-08
   5.0000e-08
   5.0000e-08
   5.0000e-08
   5.0000e-08
   5.0000e-08
   5.0000e-08
   5.0000e-08
   5.0000e-08
   5.0000e-08
   5.0000e-08
   5.0000e-08
   5.0000e-08
   5.0000e-08
   5.0000e-08
   5.0000e-08
   5.0000e-08
   5.0000e-08
   5.0000e-08
   5.0000e-08
   5.0000e-08
   5.0000e-08
   5.0000e-08

MAX_INTER_ARRIVAL =    3.7000e-05
MAX_TIME =    3.7000e-05
m =  1327464
ans =  2654928
ans =  1327464
ans =  1327464
ans =  1327464
Ploting INTER_ARRIVAL_DATASET cumulative distribution
data/Empirical CDF function.dat
*********************
Weibull data fitting
*********************
Data linearization plot
Running Gradient Descent ...
............................................................................................................................................................................................................................................................................................................................................................................................................................................................................................................................................................................................................................................................................................................................................................................................................................................................................................................................................................................................................................................................................................................................................................................................................................................................................................................................................................................................................................................................................................................................................................
Theta found by gradient descent: 1.097267 0.076401 
Initial coast J(1) = 0.403233; Final coast J(end) = 0.322149 
weibull_alpha = 0.076401 
weibull_betha = 0.000001 
data/Weibull - Linearized data and linear fitting.datdata/Weibull - Cost J(iterations) convergence.datdata/Weibull aproximation vs Original set.dat
*********************
Normal data fitting
*********************
normal_mean = 0.000002 
normal_std = 0.000001 
data/Normal aproximation vs Original set.dat
*********************
Exponential data fitting 1: Linear Regression
*********************
Data linearization plot
Running Gradient Descent ...
............................................................................................................................................................................................................................................................................................................................................................................................................................................................................................................................................................................................................................................................................................................................................................................................................................................................................................................................................................................................................................................................................................................................................................................................................................................................................................................................................................................................................................................................................................................................................................
Theta found by gradient descent: -1.473522 -0.000022 
Initial coast J(1) = 1.531385; Final coast J(end) = 0.467354 
exp_lambda = 0.000022 
exp_mean = 0.000002 (for comparison)
data/Exponential - Linearized data and linear fitting.datdata/Exponential - Cost J(iterations) convergence.datdata/Exponential aproximation (linear regression) vs Original set.dat
*********************
Exponential data fitting 2: Mean evaluation
*********************
exp_lambdaMean = 657660.527337 
data/Exponential aproximation (mean) vs Original set.dat
*********************
Pareto data fitting 1: Linear regression LR
*********************
Data linearization plot
Running Gradient Descent ...
............................................................................................................................................................................................................................................................................................................................................................................................................................................................................................................................................................................................................................................................................................................................................................................................................................................................................................................................................................................................................................................................................................................................................................................................................................................................................................................................................................................................................................................................................................................................................................
Theta found by gradient descent: -1.128898 0.019764 
Initial coast J(1) = 1.449756; Final coast J(end) = 0.489025 
**WARNING** pareto pareto_alpha set as INFINITEZIMAL. pareto_alpha CANT BE ZERO. pareto_alpha:-0.019764
pareto_xmf =    1.5635e-25
pareto_xm (formula) = 0.000000 
pareto_alpha = 0.000000 
pareto_xm (estimation) = 0.000000 
data/Pareto - Linearized data and linear fitting.datdata/Pareto - Cost J(iterations) convergence.datdata/Pareto aproximation (linear regression) vs Original set.dat
*********************
Pareto data fitting 2: Maximum Likehood MLH
*********************
pareto_mlh_xm = 0.000000 
pareto_mlh_alpha = 0.339004 
data/Pareto aproximation (maximum likehood) vs Original set.dat
*********************
Cauchy data fitting
*********************
Data linearization plot
Running Gradient Descent ...
............................................................................................................................................................................................................................................................................................................................................................................................................................................................................................................................................................................................................................................................................................................................................................................................................................................................................................................................................................................................................................................................................................................................................................................................................................................................................................................................................................................................................................................................................................................................................................
Theta found by gradient descent: 5.449833 0.001224 
Initial coast J(1) = 124435.797482; Final coast J(end) = 124421.242654 
cauchy_gamma = 817.162152 
cauchy_x0 = -4453.397500 
data/Cauchy - Linearized data and linear fitting.datdata/Cauchy - Cost J(iterations) convergence.datdata/Cauchy aproximation vs Original set.datCalculating AIC and BIC for...
	 - Weibull
	 - Normal
	 - Exponential(LR)
	 - Exponential(Me)
	 - Pareto(LR)
	 - Pareto(MLH)
	 - Cauchy
-------------------------------------------------------------------------------------
Weibull         : weibull_alpha=0.076401, weibull_betha=0.000001
Normal          : normal_mean=0.000002, normal_std=0.000001
Exponential(LR) : exp_lambda=0.000022
Exponential(Me) : exp_lambdaMean=657660.527337
Pareto(LR)      : pareto_alpha=0.000000, pareto_xm=0.000000
Pareto(MLH)     : pareto_mlh_alpha=0.339004, pareto_mlh_xm=0.000000
Cauchy          : cauchy_gamma=817.162152, cauchy_x0=-4453.397500
-------------------------------------------------------------------------------------


+----------------+--------------+---------------+
|Function        |AIC           |BIC            |
+----------------+--------------+---------------+
|Weibull         |-27304301.441142	|-27304277.243580	|
|Normal          |-31943377.289995	|-31943353.092433	|
|Exponential(LR) |28418367.922721	|28418380.021502	|
|Exponential(Me) |-32910393.314533	|-32910381.215752	|
|Pareto(LR)      |45103972.727455	|45103996.925017	|
|Pareto(MLH)     |-31273132.745029	|-31273108.547468	|
|Cauchy          |29933925.154121	|29933949.351683	|
+----------------+--------------+---------------+
Evaluation of the models...
Normalize data - the data must be plausible

data/QQplot - Weibull.datdata/QQplot - Normal.datdata/QQplot - Exponential(LR).datdata/QQplot - Exponential(Me).datdata/QQplot - Pareto(LR).datdata/QQplot - Pareto(MLH).datdata/QQplot - Cauchy.dat
Mean and std.dev
+-------------------------+--------------+---------------+
|Distribution             |mean          |std.dev        |
+-------------------------+--------------+---------------+
|Cross-validation Dataset |0.000002	|0.000001	|
|Weibull                  |0.000010	|0.000016	|
|Normal                   |0.000002	|0.000001	|
|Exponential(LR)          |0.000018	|0.000013	|
|Exponential(Me)          |0.000037	|0.000000	|
|Pareto(LR)               |0.000037	|0.000000	|
|Pareto(MLH)              |0.000006	|0.000012	|
|Cauchy                   |0.000002	|0.000009	|
+----------------+--------------+---------------+

Hust Exponent
+----------------+--------------+---------------+
|Distribution    |hust          |diff           |
+----------------+--------------+---------------+
|Original        |0.682036	|0.000000	|
|Weibull         |0.496940	|0.185096	|
|Normal          |0.510675	|0.171361	|
|Exponential(LR) |0.493557	|0.188480	|
|Exponential(Me) |1.000000	|0.317964	|
|Pareto(LR)      |1.000000	|0.317964	|
|Pareto(MLH)     |0.511439	|0.170597	|
|Cauchy          |0.511444	|0.170592	|
+----------------+--------------+---------------+


Correlation [repetitions: 30]

+----------------+--------------+---------------+
|Distribution    |correlation   | corr std.dev  |
+----------------+--------------+---------------+
|Original        |0.000000	|0.000000	|
|Weibull         |0.703357	|0.000079	|
|Normal          |0.837238	|0.000294	|
|Exponential(LR) |0.000000	|0.000000	|
|Exponential(Me) |0.950189	|0.000242	|
|Pareto(LR)      |0.000000	|0.000000	|
|Pareto(MLH)     |0.813656	|0.000245	|
|Cauchy          |0.762772	|0.000241	|
+----------------+--------------+---------------+


Mean [repetitions: 30]

+----------------+--------------+---------------+
|Distribution    |mean          | mean std.dev |
+----------------+--------------+---------------+
|Original        |0.000002	|0.000000	|
|Weibull         |0.000010	|0.000000	|
|Normal          |0.000002	|0.000000	|
|Exponential(LR) |0.000037	|0.000000	|
|Exponential(Me) |0.000002	|0.000000	|
|Pareto(LR)      |0.000037	|0.000000	|
|Pareto(MLH)     |0.000006	|0.000000	|
|Cauchy          |0.000002	|0.000000	|
+----------------+--------------+---------------+


Std.dev [repetitions: 30]

+----------------+--------------+---------------+
|Distribution    |std.dev       |std.dev std.dev|
+----------------+--------------+---------------+
|Original        |0.000001	|0.000000	|
|Weibull         |0.000016	|0.000000	|
|Normal          |0.000001	|0.000000	|
|Exponential(LR) |0.000037	|0.000000	|
|Exponential(Me) |0.000002	|0.000000	|
|Pareto(LR)      |0.000000	|0.000000	|
|Pareto(MLH)     |0.000012	|0.000000	|
|Cauchy          |0.000009	|0.000000	|
+----------------+--------------+---------------+


Hurst Exponent [repetitions: 30]

+----------------+--------------+---------------+
|Distribution    |hust          | hurst std.dev |
+----------------+--------------+---------------+
|Original        |0.682036	|0.000000	|
|Weibull         |0.514515	|0.016339	|
|Normal          |0.510571	|0.011952	|
|Exponential(LR) |0.510024	|0.014081	|
|Exponential(Me) |0.510024	|0.014081	|
|Pareto(LR)      |1.000000	|0.000000	|
|Pareto(MLH)     |0.514705	|0.011678	|
|Cauchy          |0.520823	|0.014853	|
+----------------+--------------+---------------+

