>> temp_dataProcessor_02
INFINITEZIMAL =    4.0000e-14
PLOT_DIR = test-data/
Ploting inter-arrival cumulative distribution

+----------------+--------------+---------------+
|Function        |AIC           |BIC            |
+----------------+--------------+---------------+
|Weibull         |-44643032.135687      |-44643005.254778       |
|Normal          |Inf   |Inf    |
|Exponential(LR) |108920535.131613      |108920548.572067       |
|Exponential(Me) |Inf   |Inf    |
|Pareto(LR)      |-44289457.257753      |-44289430.376845       |
|Pareto(MLH)     |-41469339.749852      |-41469312.868944       |
|Cauchy          |114675384.582045      |114675411.462953       |
+----------------+--------------+---------------+

Mean and std.dev
+----------------+--------------+---------------+
|Distribution    |mean          |std.dev        |
+----------------+--------------+---------------+
|Original        |0.017014      |0.085623       |
|Weibull         |0.213596      |0.848677       |
|Normal          |0.000002      |0.000001       |
|Exponential(LR) |0.000022      |0.000022       |
|Exponential(Me) |4.071522      |0.005522       |
|Pareto(LR)      |NaN   |NaN    |
|Pareto(MLH)     |0.012880      |0.204044       |
|Cauchy          |0.234842      |0.949144       |
+----------------+--------------+---------------+

Hust Exponent
+----------------+--------------+---------------+
|Distribution    |hust          |diff           |
+----------------+--------------+---------------+
|Original        |0.883673      |0.000000       |
|Weibull         |0.904219      |0.020547       |
|Normal          |0.941094      |0.057422       |
|Exponential(LR) |0.935206      |0.051533       |
|Exponential(Me) |0.597678      |0.285994       |
|Pareto(LR)      |NaN   |NaN    |
|Pareto(MLH)     |0.819620      |0.064053       |
|Cauchy          |0.905697      |0.022024       |
+----------------+--------------+---------------+


Correlation [repetitions: 30]

+----------------+--------------+---------------+
|Distribution    |correlation   | corr std.dev  |
+----------------+--------------+---------------+
|Original        |0.000000      |0.000000       |
|Weibull         |0.708567      |0.000294       |
|Normal          |0.443394      |0.000202       |
|Exponential(LR) |0.001620      |0.000040       |
|Exponential(Me) |0.687378      |0.000441       |
|Pareto(LR)      |NaN   |NaN    |
|Pareto(MLH)     |0.787054      |0.000565       |
|Cauchy          |0.652914      |0.000332       |
+----------------+--------------+---------------+


Mean [repetitions: 30]

+----------------+--------------+---------------+
|Distribution    |mean          | mean std.dev |
+----------------+--------------+---------------+
|Original        |0.017014      |0.000000       |
|Weibull         |0.213652      |0.000331       |
|Normal          |0.000002      |0.000000       |
|Exponential(LR) |4.071352      |0.000010       |
|Exponential(Me) |0.000002      |0.000000       |
|Pareto(LR)      |NaN   |NaN    |
|Pareto(MLH)     |0.012843      |0.000092       |
|Cauchy          |0.234835      |0.000437       |
+----------------+--------------+---------------+


Std.dev [repetitions: 30]

+----------------+--------------+---------------+
|Distribution    |std.dev       |std.dev std.dev|
+----------------+--------------+---------------+
|Original        |0.085623      |0.000000       |
|Weibull         |0.848474      |0.000667       |
|Normal          |0.000001      |0.000000       |
|Exponential(LR) |4.071352      |0.000712       |
|Exponential(Me) |0.000002      |0.000000       |
|Pareto(LR)      |NaN   |NaN    |
|Pareto(MLH)     |0.203648      |0.000942       |
|Cauchy          |0.949133      |0.000829       |
+----------------+--------------+---------------+


Hurst Exponent [repetitions: 30]

+----------------+--------------+---------------+
|Distribution    |hust          | hurst std.dev |
+----------------+--------------+---------------+
|Original        |0.883673      |0.000000       |
|Weibull         |0.904241      |0.000045       |
|Normal          |0.941108      |0.000006       |
|Exponential(LR) |0.935235      |0.000017       |
|Exponential(Me) |0.935235      |0.000017       |
|Pareto(LR)      |NaN   |NaN    |
|Pareto(MLH)     |0.819559      |0.000177       |
|Cauchy          |0.905696      |0.000057       |
+----------------+--------------+---------------+

