INFINITEZIMAL =    4.0000e-14
PLOT_DIR = data/
Ploting inter-arrival cumulative distribution
data/Empirical CDF function.dat
*********************
Weibull data fitting
*********************
Data linearization plot
Running Gradient Descent ...
............................................................................................................................................................................................................................................................................................................................................................................................................................................................................................................................................................................................................................................................................................................................................................................................................................................................................................................................................................................................................................................................................................................................................................................................................................................................................................................................................................................................................................................................................................................................................................
Theta found by gradient descent: 2.108437 0.281189 
Initial coast J(1) = 0.426503; Final coast J(end) = 0.100508 
data/Weibull - Linearized data and linear fitting.datdata/Weibull - Cost J(iterations) convergence.datdata/Weibull aproximation vs Original set.dat
*********************
Normal data fitting
*********************
Mean = 0.000379 
Std = 0.000660 
data/Normal aproximation vs Original set.dat
*********************
Exponential data fitting 1: Linear Regression
*********************
Data linearization plot
Running Gradient Descent ...
............................................................................................................................................................................................................................................................................................................................................................................................................................................................................................................................................................................................................................................................................................................................................................................................................................................................................................................................................................................................................................................................................................................................................................................................................................................................................................................................................................................................................................................................................................................................................................
Theta found by gradient descent: -1.010085 -0.009752 
Initial coast J(1) = 0.992529; Final coast J(end) = 0.492535 
exp_lambda = 0.009752 
data/Exponential - Linearized data and linear fitting.datdata/Exponential - Cost J(iterations) convergence.datdata/Exponential aproximation (linear regression) vs Original set.dat
*********************
Exponential data fitting 2: Mean evaluation
*********************
exp_lambdaMean = 2638.706529 
data/Exponential aproximation (mean) vs Original set.dat
*********************
Pareto data fitting 1: Linear regression LR
*********************
Data linearization plot
Running Gradient Descent ...
............................................................................................................................................................................................................................................................................................................................................................................................................................................................................................................................................................................................................................................................................................................................................................................................................................................................................................................................................................................................................................................................................................................................................................................................................................................................................................................................................................................................................................................................................................................................................................
Theta found by gradient descent: -2.330003 -0.148862 
Initial coast J(1) = 0.689346; Final coast J(end) = 0.296598 
pareto_xmf =    6.2752e+06
pareto_xm (formula) = 6275216.733541 
pareto_alpha = 0.148862 
pareto_xm (estimation) = 0.000000 
data/Pareto - Linearized data and linear fitting.datdata/Pareto - Cost J(iterations) convergence.datdata/Pareto aproximation (linear regression) vs Original set.dat
*********************
Pareto data fitting 2: Maximum Likehood MLH
*********************
pareto_mlh_xm = 0.000000 
pareto_mlh_alpha = 0.136193 
data/Pareto aproximation (maximum likehood) vs Original set.dat
*********************
Cauchy data fitting
*********************
Data linearization plot
Running Gradient Descent ...
............................................................................................................................................................................................................................................................................................................................................................................................................................................................................................................................................................................................................................................................................................................................................................................................................................................................................................................................................................................................................................................................................................................................................................................................................................................................................................................................................................................................................................................................................................................................................................
Theta found by gradient descent: 3.742935 0.516573 
Initial coast J(1) = 129965.900442; Final coast J(end) = 129959.016655 
cauchy_gamma = 1.935833 
cauchy_x0 = -7.245697 
data/Cauchy - Linearized data and linear fitting.datdata/Cauchy - Cost J(iterations) convergence.datdata/Cauchy aproximation vs Original set.dat
+----------------+--------------+---------------+
|Function        |AIC           |BIC            |
+----------------+--------------+---------------+
|Weibull         |-10996898.206909	|-10996875.043248	|
|Normal          |-9348515.179408	|-9348492.015747	|
|Exponential(LR) |7330806.301498	|7330817.883328	|
|Exponential(Me) |-10889523.800052	|-10889512.218221	|
|Pareto(LR)      |-10245068.530011	|-10245045.366351	|
|Pareto(MLH)     |-10251520.616818	|-10251497.453157	|
|Cauchy          |7146787.451468	|7146810.615129	|
+----------------+--------------+---------------+

data/QQplot - Weibull.datdata/QQplot - Normal.datdata/QQplot - Exponential(LR).datdata/QQplot - Exponential(Me).datdata/QQplot - Pareto(LR).datdata/QQplot - Pareto(MLH).datdata/QQplot - Cauchy.dat
Mean and std.dev
+----------------+--------------+---------------+
|Distribution    |mean          |std.dev        |
+----------------+--------------+---------------+
|Original        |0.000379	|0.000660	|
|Weibull         |0.002399	|0.004682	|
|Normal          |0.000495	|0.000505	|
|Exponential(LR) |0.007845	|0.005539	|
|Exponential(Me) |0.015892	|0.000030	|
|Pareto(LR)      |0.002843	|0.005786	|
|Pareto(MLH)     |0.003273	|0.006126	|
|Cauchy          |0.001324	|0.004391	|
+----------------+--------------+---------------+

Hust Exponent
+----------------+--------------+---------------+
|Distribution    |hust          |diff           |
+----------------+--------------+---------------+
|Original        |0.911722	|0.000000	|
|Weibull         |0.922457	|0.010734	|
|Normal          |0.935167	|0.023444	|
|Exponential(LR) |0.940007	|0.028285	|
|Exponential(Me) |0.564585	|0.347137	|
|Pareto(LR)      |0.928342	|0.016619	|
|Pareto(MLH)     |0.932149	|0.020427	|
|Cauchy          |0.905322	|0.006401	|
+----------------+--------------+---------------+


Correlation [repetitions: 30]

+----------------+--------------+---------------+
|Distribution    |correlation   | corr std.dev  |
+----------------+--------------+---------------+
|Original        |0.000000	|0.000000	|
|Weibull         |0.869416	|0.000421	|
|Normal          |0.854896	|0.000386	|
|Exponential(LR) |0.006258	|0.000293	|
|Exponential(Me) |0.951550	|0.000408	|
|Pareto(LR)      |0.783927	|0.000308	|
|Pareto(MLH)     |0.761121	|0.000387	|
|Cauchy          |0.798527	|0.000065	|
+----------------+--------------+---------------+


Mean [repetitions: 30]

+----------------+--------------+---------------+
|Distribution    |mean          | mean std.dev |
+----------------+--------------+---------------+
|Original        |0.000379	|0.000000	|
|Weibull         |0.002404	|0.000006	|
|Normal          |0.000495	|0.000001	|
|Exponential(LR) |0.015891	|0.000000	|
|Exponential(Me) |0.000379	|0.000000	|
|Pareto(LR)      |0.002832	|0.000006	|
|Pareto(MLH)     |0.003276	|0.000007	|
|Cauchy          |0.001319	|0.000004	|
+----------------+--------------+---------------+


Std.dev [repetitions: 30]

+----------------+--------------+---------------+
|Distribution    |std.dev       |std.dev std.dev|
+----------------+--------------+---------------+
|Original        |0.000660	|0.000000	|
|Weibull         |0.004688	|0.000007	|
|Normal          |0.000505	|0.000000	|
|Exponential(LR) |0.015891	|0.000006	|
|Exponential(Me) |0.000379	|0.000001	|
|Pareto(LR)      |0.005776	|0.000005	|
|Pareto(MLH)     |0.006126	|0.000005	|
|Cauchy          |0.004384	|0.000007	|
+----------------+--------------+---------------+


Hurst Exponent [repetitions: 30]

+----------------+--------------+---------------+
|Distribution    |hust          | hurst std.dev |
+----------------+--------------+---------------+
|Original        |0.911722	|0.000000	|
|Weibull         |0.922488	|0.000071	|
|Normal          |0.935177	|0.000017	|
|Exponential(LR) |0.926369	|0.000051	|
|Exponential(Me) |0.926369	|0.000051	|
|Pareto(LR)      |0.928241	|0.000057	|
|Pareto(MLH)     |0.932181	|0.000063	|
|Cauchy          |0.905198	|0.000110	|
+----------------+--------------+---------------+

