INFINITEZIMAL =    4.0000e-14
PLOT_DIR = data/
Ploting inter-arrival cumulative distribution
data/Empirical CDF function.dat
*********************
Weibull data fitting
*********************
Data linearization plot
Running Gradient Descent ...
............................................................................................................................................................................................................................................................................................................................................................................................................................................................................................................................................................................................................................................................................................................................................................................................................................................................................................................................................................................................................................................................................................................................................................................................................................................................................................................................................................................................................................................................................................................................................................
Theta found by gradient descent: 2.107855 0.334442 
Initial coast J(1) = 0.538242; Final coast J(end) = 0.156323 
                                                                               
                       Linearized data and linear fitting                      
                                                                               
   5 >-+                                                                       
     >                                                                         
     >                                                       #AAAA             
     >                                             #AAAAAAAAAAA                
   0 >-+                             AAAAAAAAAAAAAAAA                          
     >                         ##AAAAA####                                     
     >            ##########AAAAAA                                             
     >        ####         AA                                                  
  -5 >-+                   A                                                   
     >                   AA                                                    
     >                   *                                                     
     >                 *A                                                      
     >               *A                                                        
 -10 >-+          ***                                                          
     >          **                               +------------------------+    
     >        A*                                 |***A***Training data    |    
     >             +             +             + +###?###Linear regression++   
 -15 >>>>>>>>>>>>>>>>>>>>>>>>>>>>>>>>>>>>>>>>>>>>>>>>>>>>>>>>>>>>>>>>>>>>>>>   
    -20           -15           -10           -5             0             5   
                                        x                                      
                                                                               
                                                                               
                    Weibull - Cost J(iterations) convergence                   
                                                                               
 0.7 >-+                                                                       
     >                                                                         
     >                                                                         
 0.6 >-+                                                                       
     >                                                                         
     *                                                                         
 0.5 ***                                                                       
     > ***                                                                     
 0.4 >-+ ***                                                                   
     >     ****                                                                
     >        ****                                                             
 0.3 >-+         ****                                                          
     >              ******                                                     
     >                   *******                                               
 0.2 >-+                       **********                                      
     >                                  *******************                    
     >                 +                +                 +                +   
 0.1 >>>>>>>>>>>>>>>>>>>>>>>>>>>>>>>>>>>>>>>>>>>>>>>>>>>>>>>>>>>>>>>>>>>>>>>   
     0                500             1000              1500             2000  
                                   iterations                                  
                                                                               
                                                                               
                    Weibull - Cost J(iterations) convergence                   
                                                                               
 0.7 >-+                                                                       
     >                                                                         
     >                                                                         
 0.6 >-+                                                                       
     >                                                                         
     *                                                                         
 0.5 ***                                                                       
     > ***                                                                     
 0.4 >-+ ***                                                                   
     >     ****                                                                
     >        ****                                                             
 0.3 >-+         ****                                                          
     >              ******                                                     
     >                   *******                                               
 0.2 >-+                       **********                                      
     >                                  *******************                    
     >                 +                +                 +                +   
 0.1 >>>>>>>>>>>>>>>>>>>>>>>>>>>>>>>>>>>>>>>>>>>>>>>>>>>>>>>>>>>>>>>>>>>>>>>   
     0                500             1000              1500             2000  
                                   iterations                                  
                                                                               
data/Weibull - Linearized data and linear fitting.datdata/Weibull - Cost J(iterations) convergence.datdata/Weibull aproximation vs Original set.dat
*********************
Normal data fitting
*********************
Mean = 0.017014 
Std = 0.085623 
data/Normal aproximation vs Original set.dat
*********************
Exponential data fitting 1: Linear Regression
*********************
Data linearization plot
Running Gradient Descent ...
............................................................................................................................................................................................................................................................................................................................................................................................................................................................................................................................................................................................................................................................................................................................................................................................................................................................................................................................................................................................................................................................................................................................................................................................................................................................................................................................................................................................................................................................................................................................................................
Theta found by gradient descent: -0.988983 -0.850687 
Initial coast J(1) = 0.990662; Final coast J(end) = 0.450779 
                                                                               
                       Linearized data and linear fitting                      
                                                                               
   0 A-+                                                                       
     A####################                                                     
     AAA                 #########################                             
  -5 >-AAAAAA                                    ##############                
     >      AAAAAAAAA                                                          
     >              AAAAAAAAAA                                                 
     >                       AAAAAAA                                           
 -10 >-+                           AAAAAAAA                                    
     >                                    AAAAAAA                              
     >                                           AAAAA*AAA                     
 -15 >-+                                                 A**AA                 
     >                                                       *                 
     >                                                       *                 
     >                                                        *                
 -20 >-+                                         +------------*-----------+    
     >                                           |***A***Train*ng data    |    
     >             +             +             + +###?###Linear regression++   
 -25 >>>>>>>>>>>>>>>>>>>>>>>>>>>>>>>>>>>>>>>>>>>>>>>>>>>>>>>>>>>>>>>>>>>>>>>   
     0             1             2             3             4             5   
                                        x                                      
                                                                               
                                                                               
                Exponential (LR) - Cost J(iterations) convergence              
                                                                               
   1 *-+                                                                       
     *                                                                         
     *                                                                         
 0.9 *-+                                                                       
     >*                                                                        
     >*                                                                        
 0.8 >*+                                                                       
     >*                                                                        
     >**                                                                       
 0.7 >-*                                                                       
     > *                                                                       
 0.6 >-**                                                                      
     >  **                                                                     
     >   **                                                                    
 0.5 >-+  *******                                                              
     >          ****************************************                       
     >                 +                +              ****                +   
 0.4 >>>>>>>>>>>>>>>>>>>>>>>>>>>>>>>>>>>>>>>>>>>>>>>>>>>>>>>>>>>>>>>>>>>>>>>   
     0                500             1000              1500             2000  
                                   iterations                                  
                                                                               
exp_lambda = 0.850687 
                                                                               
                Exponential (LR) - Cost J(iterations) convergence              
                                                                               
   1 *-+                                                                       
     *                                                                         
     *                                                                         
 0.9 *-+                                                                       
     >*                                                                        
     >*                                                                        
 0.8 >*+                                                                       
     >*                                                                        
     >**                                                                       
 0.7 >-*                                                                       
     > *                                                                       
 0.6 >-**                                                                      
     >  **                                                                     
     >   **                                                                    
 0.5 >-+  *******                                                              
     >          ****************************************                       
     >                 +                +              ****                +   
 0.4 >>>>>>>>>>>>>>>>>>>>>>>>>>>>>>>>>>>>>>>>>>>>>>>>>>>>>>>>>>>>>>>>>>>>>>>   
     0                500             1000              1500             2000  
                                   iterations                                  
                                                                               
data/Exponential - Linearized data and linear fitting.datdata/Exponential - Cost J(iterations) convergence.datdata/Exponential aproximation (linear regression) vs Original set.dat
*********************
Exponential data fitting 2: Mean evaluation
*********************
exp_lambdaMean = 58.774719 
data/Exponential aproximation (mean) vs Original set.dat
*********************
Pareto data fitting 1: Linear regression LR
*********************
Data linearization plot
Running Gradient Descent ...
............................................................................................................................................................................................................................................................................................................................................................................................................................................................................................................................................................................................................................................................................................................................................................................................................................................................................................................................................................................................................................................................................................................................................................................................................................................................................................................................................................................................................................................................................................................................................................
Theta found by gradient descent: -2.986378 -0.255024 
Initial coast J(1) = 0.800904; Final coast J(end) = 0.081263 
                                                                               
                   Pareto LR - Cost J(iterations) convergence                  
                                                                               
   1 >-+                                                                       
     >                                                                         
     >                                                                         
 0.8 *-+                                                                       
     **                                                                        
     >***                                                                      
     >  ***                                                                    
 0.6 >-+  **                                                                   
     >     ****                                                                
     >        ***                                                              
 0.4 >-+        ****                                                           
     >             ****                                                        
     >                *****                                                    
     >                    *******                                              
 0.2 >-+                        *********                                      
     >                                  ***************                        
     >                 +                +             *****                +   
   0 >>>>>>>>>>>>>>>>>>>>>>>>>>>>>>>>>>>>>>>>>>>>>>>>>>>>>>>>>>>>>>>>>>>>>>>   
     0                500             1000              1500             2000  
                                   iterations                                  
                                                                               
pareto_xmf =    1.2181e+05
pareto_xm (formula) = 121807.875586 
pareto_alpha = 0.255024 
pareto_xm (estimation) = 0.000000 
                                                                               
                   Pareto LR - Cost J(iterations) convergence                  
                                                                               
   1 >-+                                                                       
     >                                                                         
     >                                                                         
 0.8 *-+                                                                       
     **                                                                        
     >***                                                                      
     >  ***                                                                    
 0.6 >-+  **                                                                   
     >     ****                                                                
     >        ***                                                              
 0.4 >-+        ****                                                           
     >             ****                                                        
     >                *****                                                    
     >                    *******                                              
 0.2 >-+                        *********                                      
     >                                  ***************                        
     >                 +                +             *****                +   
   0 >>>>>>>>>>>>>>>>>>>>>>>>>>>>>>>>>>>>>>>>>>>>>>>>>>>>>>>>>>>>>>>>>>>>>>>   
     0                500             1000              1500             2000  
                                   iterations                                  
                                                                               
data/Pareto - Linearized data and linear fitting.datdata/Pareto - Cost J(iterations) convergence.datdata/Pareto aproximation (linear regression) vs Original set.dat
*********************
Pareto data fitting 2: Maximum Likehood MLH
*********************
pareto_mlh_xm = 0.000000 
pareto_mlh_alpha = 0.114971 
data/Pareto aproximation (maximum likehood) vs Original set.dat
*********************
Cauchy data fitting
*********************
Data linearization plot
Running Gradient Descent ...
............................................................................................................................................................................................................................................................................................................................................................................................................................................................................................................................................................................................................................................................................................................................................................................................................................................................................................................................................................................................................................................................................................................................................................................................................................................................................................................................................................................................................................................................................................................................................................
Theta found by gradient descent: 0.374756 103.801122 
Initial coast J(1) = 121589.999289; Final coast J(end) = 120869.551142 
                                                                               
                         Linearized data and linear fitting                    
                                                                               
  400000 >-+                                                                   
         >                                                                     
         >                                                                     
  300000 >-+                                              A**AAA               
         >                                               A                     
         >                                               *                     
         >                                              A                      
  200000 >-+                                          AA                       
         >                                           A                         
         >                                          *A                         
  100000 >-+                                       A                           
         >                                       AA                            
         >                                    AAAA                             
         >                         AAAAAAAAAAAA                                
       0 AAAAAAAAAAAAAAAAAAAAAAAAAAA############################----------+    
         *                                       |***A***Training data    |    
         *            +            +             +###?###Linear regression++   
 -100000 A>>>>>>>>>>>>>>>>>>>>>>>>>>>>>>>>>>>>>>>>>>>>>>>>>>>>>>>>>>>>>>>>>>   
         0            1            2             3            4            5   
                                          x                                    
                                                                               
                                                                               
                      Cauchy - Cost J(iterations) convergence                  
                                                                               
 121600 **+                                                                    
        >****                                                                  
 121500 >-+ ****                                                               
        >      ****                                                            
 121400 >-+       ****                                                         
        >            ****                                                      
 121300 >-+             ****                                                   
        >                  ****                                                
 121200 >-+                    ****                                            
        >                         ****                                         
        >                            ****                                      
 121100 >-+                             *****                                  
        >                                   ****                               
 121000 >-+                                    *****                           
        >                                          ****                        
 120900 >-+                                            ****                    
        >                +                +               *                +   
 120800 >>>>>>>>>>>>>>>>>>>>>>>>>>>>>>>>>>>>>>>>>>>>>>>>>>>>>>>>>>>>>>>>>>>>   
        0               500             1000            1500             2000  
                                    iterations                                 
                                                                               
cauchy_gamma = 0.009634 
cauchy_x0 = -0.003610 
                                                                               
                      Cauchy - Cost J(iterations) convergence                  
                                                                               
 121600 **+                                                                    
        >****                                                                  
 121500 >-+ ****                                                               
        >      ****                                                            
 121400 >-+       ****                                                         
        >            ****                                                      
 121300 >-+             ****                                                   
        >                  ****                                                
 121200 >-+                    ****                                            
        >                         ****                                         
        >                            ****                                      
 121100 >-+                             *****                                  
        >                                   ****                               
 121000 >-+                                    *****                           
        >                                          ****                        
 120900 >-+                                            ****                    
        >                +                +               *                +   
 120800 >>>>>>>>>>>>>>>>>>>>>>>>>>>>>>>>>>>>>>>>>>>>>>>>>>>>>>>>>>>>>>>>>>>>   
        0               500             1000            1500             2000  
                                    iterations                                 
                                                                               
data/Cauchy - Linearized data and linear fitting.datdata/Cauchy - Cost J(iterations) convergence.datdata/Cauchy aproximation vs Original set.dat
+----------------+--------------+---------------+
|Function        |AIC           |BIC            |
+----------------+--------------+---------------+
|Weibull         |-55984107.349233	|-55984080.468325	|
|Normal          |Inf	|Inf	|
|Exponential(LR) |1789380.440978	|1789393.881432	|
|Exponential(Me) |-31217426.672256	|-31217413.231802	|
|Pareto(LR)      |-45995943.526947	|-45995916.646039	|
|Pareto(MLH)     |-50276624.896496	|-50276598.015588	|
|Cauchy          |-28480855.601766	|-28480828.720858	|
+----------------+--------------+---------------+

data/QQplot - Weibull.dat