INFINITEZIMAL =    4.0000e-14
PLOT_DIR = data/
interArrival1 =

   5.0000e-08
   5.0000e-08
   5.0000e-08
   5.0000e-08
   5.0000e-08
   5.0000e-08
   1.0014e-02
   2.0029e-02
   4.0058e-02
   7.0101e-02
   8.0115e-02
   1.1016e-01
   1.2017e-01
   1.3019e-01
   1.4020e-01
   1.7025e-01
   1.8026e-01
   2.1030e-01
   3.3048e-01
   4.3062e-01
   9.1131e-01

interArrival2 =

   5.0000e-08
   5.0000e-08
   5.0000e-08
   5.0000e-08
   5.0000e-08
   5.0000e-08
   1.0014e-02
   3.0043e-02
   7.0101e-02
   8.0115e-02
   1.0014e-01
   1.1016e-01
   1.3019e-01
   1.4020e-01
   1.5022e-01
   1.7025e-01
   2.0029e-01
   2.8040e-01
   3.6052e-01
   5.6081e-01
   1.2157e+01

Ploting inter-arrival cumulative distribution
data/Empirical CDF function.dat
*********************
Weibull data fitting
*********************
Data linearization plot
Running Gradient Descent ...
............................................................................................................................................................................................................................................................................................................................................................................................................................................................................................................................................................................................................................................................................................................................................................................................................................................................................................................................................................................................................................................................................................................................................................................................................................................................................................................................................................................................................................................................................................................................................................
Theta found by gradient descent: 0.573444 0.107694 
Initial coast J(1) = 0.413891; Final coast J(end) = 0.322974 
data/Weibull - Linearized data and linear fitting.datdata/Weibull - Cost J(iterations) convergence.datdata/Weibull aproximation vs Original set.dat
*********************
Normal data fitting
*********************
Mean = 0.140679 
Std = 0.211170 
data/Normal aproximation vs Original set.dat
*********************
Exponential data fitting 1: Linear Regression
*********************
Data linearization plot
Running Gradient Descent ...
............................................................................................................................................................................................................................................................................................................................................................................................................................................................................................................................................................................................................................................................................................................................................................................................................................................................................................................................................................................................................................................................................................................................................................................................................................................................................................................................................................................................................................................................................................................................................................
Theta found by gradient descent: -0.614782 -14.906282 
Initial coast J(1) = 30.140685; Final coast J(end) = 11.651429 
exp_lambda = 14.906282 
data/Exponential - Linearized data and linear fitting.datdata/Exponential - Cost J(iterations) convergence.datdata/Exponential aproximation (linear regression) vs Original set.dat
*********************
Exponential data fitting 2: Mean evaluation
*********************
exp_lambdaMean = 7.108402 
data/Exponential aproximation (mean) vs Original set.dat
*********************
Pareto data fitting 1: Linear regression LR
*********************
Data linearization plot
Running Gradient Descent ...
............................................................................................................................................................................................................................................................................................................................................................................................................................................................................................................................................................................................................................................................................................................................................................................................................................................................................................................................................................................................................................................................................................................................................................................................................................................................................................................................................................................................................................................................................................................................................................
Theta found by gradient descent: -4.492642 -0.297029 
Initial coast J(1) = 30.113785; Final coast J(end) = 24.879026 
pareto_xmf =    3.7052e+06
pareto_xm (formula) = 3705200.836268 
pareto_alpha = 0.297029 
pareto_xm (estimation) = 0.000000 
data/Pareto - Linearized data and linear fitting.datdata/Pareto - Cost J(iterations) convergence.datdata/Pareto aproximation (linear regression) vs Original set.dat
*********************
Pareto data fitting 2: Maximum Likehood MLH
*********************
pareto_mlh_xm = 0.000000 
pareto_mlh_alpha = 0.095524 
data/Pareto aproximation (maximum likehood) vs Original set.dat
*********************
Cauchy data fitting
*********************
Data linearization plot
Running Gradient Descent ...
............................................................................................................................................................................................................................................................................................................................................................................................................................................................................................................................................................................................................................................................................................................................................................................................................................................................................................................................................................................................................................................................................................................................................................................................................................................................................................................................................................................................................................................................................................................................................................
Theta found by gradient descent: -2099.666485 129015.458515 
Initial coast J(1) = 2408218344.849811; Final coast J(end) = 1144331288.969097 
cauchy_gamma = 0.000008 
cauchy_x0 = 0.016275 
data/Cauchy - Linearized data and linear fitting.datdata/Cauchy - Cost J(iterations) convergence.datdata/Cauchy aproximation vs Original set.dat
+----------------+--------------+---------------+
|Function        |AIC           |BIC            |
+----------------+--------------+---------------+
|Weibull         |-107.682852	|-105.593807	|
|Normal          |Inf	|Inf	|
|Exponential(LR) |322.325387	|323.369909	|
|Exponential(Me) |126.493953	|127.538475	|
|Pareto(LR)      |-68.148375	|-66.059331	|
|Pareto(MLH)     |-111.066225	|-108.977180	|
|Cauchy          |326.606408	|328.695453	|
+----------------+--------------+---------------+

data/QQplot - Weibull.datdata/QQplot - Normal.datdata/QQplot - Exponential(LR).datdata/QQplot - Exponential(Me).datdata/QQplot - Pareto(LR).datdata/QQplot - Pareto(MLH).datdata/QQplot - Cauchy.dat
Mean and std.dev
+----------------+--------------+---------------+
|Distribution    |mean          |std.dev        |
+----------------+--------------+---------------+
|Original        |0.692901	|2.630664	|
|Weibull         |1.398694	|3.865983	|
|Normal          |0.200349	|0.133570	|
|Exponential(LR) |8.740007	|4.803180	|
|Exponential(Me) |5.248473	|4.129282	|
|Pareto(LR)      |0.002340	|0.007120	|
|Pareto(MLH)     |3.079469	|5.618944	|
|Cauchy          |0.016237	|0.000109	|
+----------------+--------------+---------------+

Hust Exponent
+----------------+--------------+---------------+
|Distribution    |hust          |diff           |
+----------------+--------------+---------------+
|Original        |0.483500	|0.000000	|
|Weibull         |0.602979	|0.119479	|
|Normal          |0.701996	|0.218497	|
|Exponential(LR) |0.734265	|0.250765	|
|Exponential(Me) |0.713217	|0.229718	|
|Pareto(LR)      |0.581548	|0.098049	|
|Pareto(MLH)     |0.711639	|0.228139	|
|Cauchy          |0.611639	|0.128139	|
+----------------+--------------+---------------+


Correlation [repetitions: 30]

+----------------+--------------+---------------+
|Distribution    |correlation   | corr std.dev  |
+----------------+--------------+---------------+
|Original        |0.000000	|0.000000	|
|Weibull         |0.692408	|0.165897	|
|Normal          |0.543395	|0.086424	|
|Exponential(LR) |0.666982	|0.114617	|
|Exponential(Me) |0.671138	|0.139803	|
|Pareto(LR)      |0.956335	|0.082281	|
|Pareto(MLH)     |0.562895	|0.200862	|
|Cauchy          |0.633680	|0.297893	|
+----------------+--------------+---------------+


Mean [repetitions: 30]

+----------------+--------------+---------------+
|Distribution    |mean          | mean std.dev |
+----------------+--------------+---------------+
|Original        |0.692901	|0.000000	|
|Weibull         |1.673648	|0.718171	|
|Normal          |0.178496	|0.034542	|
|Exponential(LR) |0.070410	|0.012263	|
|Exponential(Me) |0.140739	|0.024830	|
|Pareto(LR)      |0.014939	|0.063898	|
|Pareto(MLH)     |2.518211	|1.139937	|
|Cauchy          |0.016304	|0.000174	|
+----------------+--------------+---------------+


Std.dev [repetitions: 30]

+----------------+--------------+---------------+
|Distribution    |std.dev       |std.dev std.dev|
+----------------+--------------+---------------+
|Original        |2.630664	|0.000000	|
|Weibull         |3.919599	|1.136837	|
|Normal          |0.162796	|0.023895	|
|Exponential(LR) |0.070410	|0.013389	|
|Exponential(Me) |0.137253	|0.037771	|
|Pareto(LR)      |0.067628	|0.291077	|
|Pareto(MLH)     |4.868496	|1.100488	|
|Cauchy          |0.000235	|0.000776	|
+----------------+--------------+---------------+


Hurst Exponent [repetitions: 30]

+----------------+--------------+---------------+
|Distribution    |hust          | hurst std.dev |
+----------------+--------------+---------------+
|Original        |0.483500	|0.000000	|
|Weibull         |0.627287	|0.052643	|
|Normal          |0.700509	|0.014930	|
|Exponential(LR) |0.671856	|0.037258	|
|Exponential(Me) |0.671856	|0.037258	|
|Pareto(LR)      |0.527499	|0.056100	|
|Pareto(MLH)     |0.664060	|0.076031	|
|Cauchy          |0.562029	|0.062541	|
+----------------+--------------+---------------+

