INFINITEZIMAL =    4.0000e-14
PLOT_DIR = data/
Preparing Inter-arrival values...ans =

   0.00000
   0.09859
   0.01202
   0.10117
   0.00495
   0.09116
   0.02252
   0.07812
   0.04655
   0.03156
   0.01803
   0.00599
   0.03005
   0.04657
   0.07563
   0.02751
   0.00248
   0.07867
   0.02050
   0.00953
   0.00498
   0.05010
   0.02754
   0.01251
   0.03457
   0.00097
   0.13126
   0.00194
   0.03862
   0.00144

ans =

   5.0000e-08
   4.0000e-05
   4.2000e-05
   4.5000e-05
   6.8000e-05
   7.1000e-05
   7.3000e-05
   7.7000e-05
   8.8000e-05
   4.6100e-04
   4.6200e-04
   4.6600e-04
   4.7200e-04
   4.8000e-04
   4.8200e-04
   4.8500e-04
   4.8700e-04
   4.9400e-04
   5.2300e-04
   9.6200e-04
   9.9600e-04
   1.4600e-03
   1.4870e-03
   1.5010e-03
   1.9660e-03
   1.9820e-03
   2.4530e-03
   2.4760e-03
   2.4760e-03
   2.4790e-03

ans =

   9.8594e-02
   1.0117e-01
   9.1165e-02
   7.8123e-02
   3.1562e-02
   5.9900e-03
   4.6575e-02
   2.7513e-02
   7.8666e-02
   9.5280e-03
   5.0098e-02
   1.2508e-02
   9.6800e-04
   1.9440e-03
   1.4400e-03
   2.4840e-03
   1.8460e-02
   1.9920e-03
   1.7473e-02
   9.5220e-03
   9.0310e-03
   3.3083e-02
   5.4129e-02
   3.0542e-02
   1.5174e-01
   5.7100e-02
   9.5310e-03
   1.5032e-02
   2.9450e-03
   1.9532e-02

ans =

   7.1000e-05
   7.2000e-05
   7.5000e-05
   7.8000e-05
   8.9000e-05
   1.0500e-04
   4.4400e-04
   9.6800e-04
   1.4400e-03
   1.4540e-03
   1.4590e-03
   1.4590e-03
   1.4680e-03
   1.4700e-03
   1.4830e-03
   1.5200e-03
   1.5430e-03
   1.9440e-03
   1.9700e-03
   1.9920e-03
   2.0020e-03
   2.4760e-03
   2.4840e-03
   2.5050e-03
   2.9450e-03
   2.9820e-03
   2.9860e-03
   3.0220e-03
   3.4560e-03
   3.4580e-03

MAX_INTER_ARRIVAL =  0.28993
MAX_TIME =  0.28993
m =  311
ans =  622
ans =  311
ans =  311
ans =  311
Ploting INTER_ARRIVAL_DATASET cumulative distribution
data/Empirical CDF function.dat
*********************
Weibull data fitting
*********************
Data linearization plot
Running Gradient Descent ...
............................................................................................................................................................................................................................................................................................................................................................................................................................................................................................................................................................................................................................................................................................................................................................................................................................................................................................................................................................................................................................................................................................................................................................................................................................................................................................................................................................................................................................................................................................................................................................
Theta found by gradient descent: 1.910393 0.641712 
Initial coast J(1) = 0.781290; Final coast J(end) = 0.052804 
weibull_alpha = 0.641712 
weibull_betha = 0.050944 
data/Weibull - Linearized data and linear fitting.datdata/Weibull - Cost J(iterations) convergence.datdata/Weibull aproximation vs Original set.dat
*********************
Normal data fitting
*********************
normal_mean = 0.046966 
normal_std = 0.050804 
data/Normal aproximation vs Original set.dat
*********************
Exponential data fitting 1: Linear Regression
*********************
Data linearization plot
Running Gradient Descent ...
............................................................................................................................................................................................................................................................................................................................................................................................................................................................................................................................................................................................................................................................................................................................................................................................................................................................................................................................................................................................................................................................................................................................................................................................................................................................................................................................................................................................................................................................................................................................................................
Theta found by gradient descent: -1.046056 -1.109581 
Initial coast J(1) = 2.724334; Final coast J(end) = 2.058489 
exp_lambda = 1.109581 
exp_mean = 0.046966 (for comparison)
data/Exponential - Linearized data and linear fitting.datdata/Exponential - Cost J(iterations) convergence.datdata/Exponential aproximation (linear regression) vs Original set.dat
*********************
Exponential data fitting 2: Mean evaluation
*********************
exp_lambdaMean = 21.292130 
data/Exponential aproximation (mean) vs Original set.dat
*********************
Pareto data fitting 1: Linear regression LR
*********************
Data linearization plot
Running Gradient Descent ...
............................................................................................................................................................................................................................................................................................................................................................................................................................................................................................................................................................................................................................................................................................................................................................................................................................................................................................................................................................................................................................................................................................................................................................................................................................................................................................................................................................................................................................................................................................................................................................
Theta found by gradient descent: -2.634560 -0.405486 
Initial coast J(1) = 2.655972; Final coast J(end) = 1.805558 
pareto_xmf =  663.35
pareto_xm (formula) = 663.345038 
pareto_alpha = 0.405486 
pareto_xm (estimation) = 0.000000 
data/Pareto - Linearized data and linear fitting.datdata/Pareto - Cost J(iterations) convergence.datdata/Pareto aproximation (linear regression) vs Original set.dat
*********************
Pareto data fitting 2: Maximum Likehood MLH
*********************
pareto_mlh_xm = 0.000000 
pareto_mlh_alpha = 0.077381 
data/Pareto aproximation (maximum likehood) vs Original set.dat
*********************
Cauchy data fitting
*********************
Data linearization plot
Running Gradient Descent ...
............................................................................................................................................................................................................................................................................................................................................................................................................................................................................................................................................................................................................................................................................................................................................................................................................................................................................................................................................................................................................................................................................................................................................................................................................................................................................................................................................................................................................................................................................................................................................................
Theta found by gradient descent: 860.870742 3702.354003 
Initial coast J(1) = 162884540.831293; Final coast J(end) = 161467977.325771 
cauchy_gamma = 0.000270 
cauchy_x0 = -0.232520 
data/Cauchy - Linearized data and linear fitting.datdata/Cauchy - Cost J(iterations) convergence.datdata/Cauchy aproximation vs Original set.datCalculating AIC and BIC for...
	 - Weibull
	 - Normal
	 - Exponential(LR)
	 - Exponential(Me)
	 - Pareto(LR)
	 - Pareto(MLH)
	 - Cauchy
-------------------------------------------------------------------------------------
Weibull         : weibull_alpha=0.641712, weibull_betha=0.050944
Normal          : normal_mean=0.046966, normal_std=0.050804
Exponential(LR) : exp_lambda=1.109581
Exponential(Me) : exp_lambdaMean=21.292130
Pareto(LR)      : pareto_alpha=0.405486, pareto_xm=0.000000
Pareto(MLH)     : pareto_mlh_alpha=0.077381, pareto_mlh_xm=0.000000
Cauchy          : cauchy_gamma=0.000270, cauchy_x0=-0.232520
-------------------------------------------------------------------------------------


+----------------+--------------+---------------+
|Function        |AIC           |BIC            |
+----------------+--------------+---------------+
|Weibull         |-1220.053221	|-1212.573635	|
|Normal          |-1030.871712	|-1023.392127	|
|Exponential(LR) |-30.803744	|-27.063951	|
|Exponential(Me) |-1288.658006	|-1284.918213	|
|Pareto(LR)      |1535.415483	|1542.895069	|
|Pareto(MLH)     |-101.817471	|-94.337885	|
|Cauchy          |4223.051137	|4230.530723	|
+----------------+--------------+---------------+
Evaluation of the models...
Normalize data - the data must be plausible

data/QQplot - Weibull.datdata/QQplot - Normal.datdata/QQplot - Exponential(LR).datdata/QQplot - Exponential(Me).datdata/QQplot - Pareto(LR).datdata/QQplot - Pareto(MLH).datdata/QQplot - Cauchy.dat
Mean and std.dev
+-------------------------+--------------+---------------+
|Distribution             |mean          |std.dev        |
+-------------------------+--------------+---------------+
|Cross-validation Dataset |0.046183	|0.045339	|
|Weibull                  |0.056409	|0.069925	|
|Normal                   |0.055653	|0.048182	|
|Exponential(LR)          |0.256050	|0.074515	|
|Exponential(Me)          |0.288625	|0.013314	|
|Pareto(LR)               |0.000518	|0.004795	|
|Pareto(MLH)              |0.082832	|0.125369	|
|Cauchy                   |0.000000	|0.000000	|
+----------------+--------------+---------------+

Hust Exponent
+----------------+--------------+---------------+
|Distribution    |hust          |diff           |
+----------------+--------------+---------------+
|Original        |0.586909	|0.000000	|
|Weibull         |0.546759	|0.040150	|
|Normal          |0.505743	|0.081167	|
|Exponential(LR) |0.543632	|0.043278	|
|Exponential(Me) |0.499670	|0.087240	|
|Pareto(LR)      |0.460126	|0.126784	|
|Pareto(MLH)     |0.513909	|0.073000	|
|Cauchy          |NaN	|NaN	|
+----------------+--------------+---------------+


Correlation [repetitions: 30]

+----------------+--------------+---------------+
|Distribution    |correlation   | corr std.dev  |
+----------------+--------------+---------------+
|Original        |0.000000	|0.000000	|
|Weibull         |0.954218	|0.008063	|
|Normal          |0.964466	|0.007549	|
|Exponential(LR) |0.488869	|0.025767	|
|Exponential(Me) |0.991632	|0.003193	|
|Pareto(LR)      |0.406545	|0.074659	|
|Pareto(MLH)     |0.819343	|0.007258	|
|Cauchy          |NaN	|NaN	|
+----------------+--------------+---------------+


Mean [repetitions: 30]

+----------------+--------------+---------------+
|Distribution    |mean          | mean std.dev |
+----------------+--------------+---------------+
|Original        |0.046183	|0.000000	|
|Weibull         |0.063071	|0.004065	|
|Normal          |0.051907	|0.002346	|
|Exponential(LR) |0.247344	|0.004770	|
|Exponential(Me) |0.047310	|0.002389	|
|Pareto(LR)      |0.000913	|0.000692	|
|Pareto(MLH)     |0.094924	|0.008663	|
|Cauchy          |0.000031	|0.000170	|
+----------------+--------------+---------------+


Std.dev [repetitions: 30]

+----------------+--------------+---------------+
|Distribution    |std.dev       |std.dev std.dev|
+----------------+--------------+---------------+
|Original        |0.045339	|0.000000	|
|Weibull         |0.079398	|0.004102	|
|Normal          |0.043292	|0.001841	|
|Exponential(LR) |0.247344	|0.004578	|
|Exponential(Me) |0.045855	|0.003134	|
|Pareto(LR)      |0.011726	|0.008154	|
|Pareto(MLH)     |0.132059	|0.003293	|
|Cauchy          |0.000548	|0.003002	|
+----------------+--------------+---------------+


Hurst Exponent [repetitions: 30]

+----------------+--------------+---------------+
|Distribution    |hust          | hurst std.dev |
+----------------+--------------+---------------+
|Original        |0.586909	|0.000000	|
|Weibull         |0.513430	|0.033999	|
|Normal          |0.515785	|0.035141	|
|Exponential(LR) |0.533416	|0.032378	|
|Exponential(Me) |0.533416	|0.032378	|
|Pareto(LR)      |0.503957	|0.022521	|
|Pareto(MLH)     |0.532589	|0.026324	|
|Cauchy          |NaN	|NaN	|
+----------------+--------------+---------------+

